<?xml version="1.0" encoding="UTF-8"?>
<!-- Generated by org.testng.reporters.JUnitReportReporter -->
<testsuite hostname="MANORSAH-1VNNR" failures="0" tests="1" name="demo.TestNGIgnoreDemo" time="0.080" errors="0" timestamp="2021-06-22T23:37:26 IST" skipped="0">
  <testcase classname="demo.TestNGIgnoreDemo" name="test2" time="0.080"/>
  <system-out/>
</testsuite> <!-- demo.TestNGIgnoreDemo -->
