<?xml version="1.0" encoding="UTF-8"?>
<!-- Generated by org.testng.reporters.JUnitReportReporter -->
<testsuite hostname="MANORSAH-1VNNR" failures="0" tests="3" name="demo.TestNGDependencyDemo" time="0.138" errors="0" timestamp="2021-06-22T23:10:17 IST" skipped="0">
  <testcase classname="demo.TestNGDependencyDemo" name="test2" time="0.096"/>
  <system-out/>
  <testcase classname="demo.TestNGDependencyDemo" name="test3" time="0.035"/>
  <system-out/>
  <testcase classname="demo.TestNGDependencyDemo" name="test1" time="0.007"/>
  <system-out/>
</testsuite> <!-- demo.TestNGDependencyDemo -->
