<?xml version="1.0" encoding="UTF-8"?>
<!-- Generated by org.testng.reporters.JUnitReportReporter -->
<testsuite hostname="MANORSAH-1VNNR" failures="0" tests="1" name="demo.TestNGParametersDemo" time="0.042" errors="0" timestamp="2021-06-22T17:53:55 IST" skipped="0">
  <testcase classname="demo.TestNGParametersDemo" name="test" time="0.042"/>
  <system-out/>
</testsuite> <!-- demo.TestNGParametersDemo -->
