<?xml version="1.0" encoding="UTF-8"?>
<!-- Generated by org.testng.reporters.JUnitReportReporter -->
<testsuite hostname="MANORSAH-1VNNR" failures="0" tests="2" name="utils.ExcelDataProvider" time="5.915" errors="0" timestamp="2021-06-15T20:05:34 IST" skipped="0">
  <testcase classname="utils.ExcelDataProvider" name="test1" time="5.158"/>
  <system-out/>
  <testcase classname="utils.ExcelDataProvider" name="test1" time="0.757"/>
  <system-out/>
</testsuite> <!-- utils.ExcelDataProvider -->
