<?xml version="1.0" encoding="UTF-8"?>
<!-- Generated by org.testng.reporters.JUnitReportReporter -->
<testsuite hostname="MANORSAH-1VNNR" failures="0" tests="4" name="demo.TestNGGroupsDemo" time="0.076" errors="0" timestamp="2021-06-22T23:00:30 IST" skipped="0">
  <testcase classname="demo.TestNGGroupsDemo" name="test3" time="0.011"/>
  <system-out/>
  <testcase classname="demo.TestNGGroupsDemo" name="test1" time="0.052"/>
  <system-out/>
  <testcase classname="demo.TestNGGroupsDemo" name="test4" time="0.007"/>
  <system-out/>
  <testcase classname="demo.TestNGGroupsDemo" name="test2" time="0.006"/>
  <system-out/>
</testsuite> <!-- demo.TestNGGroupsDemo -->
