<?xml version="1.0" encoding="UTF-8"?>
<!-- Generated by org.testng.reporters.JUnitReportReporter -->
<testsuite hostname="MANORSAH-1VNNR" failures="0" tests="1" name="test.TestNGDemo" time="14.827" errors="0" timestamp="2021-06-11T23:31:41 IST" skipped="0">
  <testcase classname="test.TestNGDemo" name="googleSearch" time="14.827"/>
  <system-out/>
</testsuite> <!-- test.TestNGDemo -->
