<?xml version="1.0" encoding="UTF-8"?>
<!-- Generated by org.testng.reporters.JUnitReportReporter -->
<testsuite hostname="MANORSAH-1VNNR" failures="0" tests="2" name="test.ExtentReportsDemoWithTestNG" time="2.563" errors="0" timestamp="2021-06-08T19:40:51 IST" skipped="0">
  <testcase classname="test.ExtentReportsDemoWithTestNG" name="test1" time="2.559"/>
  <system-out/>
  <testcase classname="test.ExtentReportsDemoWithTestNG" name="test2" time="0.004"/>
  <system-out/>
</testsuite> <!-- test.ExtentReportsDemoWithTestNG -->
