<?xml version="1.0" encoding="UTF-8"?>
<!-- Generated by org.testng.reporters.JUnitReportReporter -->
<testsuite hostname="MANORSAH-1VNNR" failures="0" tests="3" name="demo.TestNGPriorityDemo" time="0.033" errors="0" timestamp="2021-06-17T01:30:00 IST" skipped="0">
  <testcase classname="demo.TestNGPriorityDemo" name="one" time="0.025"/>
  <system-out/>
  <testcase classname="demo.TestNGPriorityDemo" name="victory" time="0.004"/>
  <system-out/>
  <testcase classname="demo.TestNGPriorityDemo" name="two" time="0.004"/>
  <system-out/>
</testsuite> <!-- demo.TestNGPriorityDemo -->
