<?xml version="1.0" encoding="UTF-8"?>
<!-- Generated by org.testng.reporters.JUnitReportReporter -->
<testsuite hostname="MANORSAH-1VNNR" failures="0" tests="1" name="test.TestNGDemo2" time="16.150" errors="0" timestamp="2021-06-09T21:17:16 IST" skipped="0">
  <testcase classname="test.TestNGDemo2" name="googleSearch3" time="16.150"/>
  <system-out/>
</testsuite> <!-- test.TestNGDemo2 -->
